<?xml version="1.0" encoding="UTF-8"?>
<!-- Generated by org.testng.reporters.JUnitXMLReporter -->
<testsuite ignored="0" hostname="DESKTOP-RVLOT3Q" failures="0" tests="10" name="Test" time="10.447" errors="0" timestamp="2023-12-31T00:07:17 PKT">
  <testcase classname="TestNGFrameWork.Class1" name="myFirstTest" time="10.311"/>
  <testcase classname="TestNGFrameWork.Class1" name="secondFirstTest" time="0.003"/>
  <testcase classname="TestNGFrameWork.ClassNo2" name="FourthFirstTest" time="0.002"/>
  <testcase classname="TestNGFrameWork.ClassNo2" name="ThirdTest" time="0.002"/>
  <testcase classname="TestNGFrameWork.ClassNo2" name="fifth" time="0.002"/>
  <testcase classname="TestNGFrameWork.ClassNo2" name="sixthFirstTest" time="0.002"/>
  <testcase classname="TestNGFrameWork.ClassNo3" name="EightTest" time="0.002"/>
  <testcase classname="TestNGFrameWork.ClassNo3" name="NinthFirstTest" time="0.004"/>
  <testcase classname="TestNGFrameWork.ClassNo3" name="elavenfifthTest" time="0.005"/>
  <testcase classname="TestNGFrameWork.ClassNo3" name="tenthfifthTest" time="0.002"/>
</testsuite> <!-- Test -->
